<!--
  ~ Copyright 2012 Johns Hopkins University
  ~
  ~ Licensed under the Apache License, Version 2.0 (the "License");
  ~ you may not use this file except in compliance with the License.
  ~ You may obtain a copy of the License at
  ~
  ~     http://www.apache.org/licenses/LICENSE-2.0
  ~
  ~ Unless required by applicable law or agreed to in writing, software
  ~ distributed under the License is distributed on an "AS IS" BASIS,
  ~ WITHOUT WARRANTIES OR CONDITIONS OF ANY KIND, either express or implied.
  ~ See the License for the specific language governing permissions and
  ~ limitations under the License.
-->
<beans:beans xmlns="http://www.springframework.org/schema/security http://www.springframework.org/schema/beans"
  xmlns:beans="http://www.springframework.org/schema/beans"
  xmlns:xsi="http://www.w3.org/2001/XMLSchema-instance" xmlns:tx="http://www.springframework.org/schema/tx"
  xsi:schemaLocation="http://www.springframework.org/schema/beans http://www.springframework.org/schema/beans/spring-beans.xsd
                      http://www.springframework.org/schema/security http://www.springframework.org/schema/security/spring-security-3.0.xsd">
    <!-- Model Serialization -->
    <beans:bean id="xstreamBusinessObjectFactory" class="org.dataconservancy.ui.model.builder.xstream.XstreamBusinessObjectFactory"/>

    <beans:bean id="businessObjectXstream" factory-bean="xstreamBusinessObjectFactory" factory-method="createInstance"/>

    <!-- use a validating business object builder - add the second arg "true"  -->
    <beans:bean id="validatingBusinessObjectBuilder" class="org.dataconservancy.ui.model.builder.xstream.XstreamBusinessObjectBuilder">
        <beans:constructor-arg ref="businessObjectXstream"/>
        <beans:constructor-arg  value="true"/>
    </beans:bean>


</beans:beans>
