<!--
  ~ Copyright 2012 Johns Hopkins University
  ~
  ~ Licensed under the Apache License, Version 2.0 (the "License");
  ~ you may not use this file except in compliance with the License.
  ~ You may obtain a copy of the License at
  ~
  ~     http://www.apache.org/licenses/LICENSE-2.0
  ~
  ~ Unless required by applicable law or agreed to in writing, software
  ~ distributed under the License is distributed on an "AS IS" BASIS,
  ~ WITHOUT WARRANTIES OR CONDITIONS OF ANY KIND, either express or implied.
  ~ See the License for the specific language governing permissions and
  ~ limitations under the License.
  -->
  
<beans xmlns="http://www.springframework.org/schema/beans"
	xmlns:beans="http://www.springframework.org/schema/beans"
	xmlns:xsi="http://www.w3.org/2001/XMLSchema-instance"
	xsi:schemaLocation="http://www.springframework.org/schema/beans
	http://www.springframework.org/schema/beans/spring-beans-3.0.xsd">
  	
  	<bean id="httpClient" class="org.apache.http.impl.client.DefaultHttpClient"/>
  	
  	<bean id="indexService" class="org.dataconservancy.dcs.index.dcpsolr.DcpIndexService">
  		<beans:constructor-arg ref="archiveStore"/>
  		<beans:constructor-arg ref="solr"/>
  	</bean>
  
	<bean id="archiveStore" class="org.dataconservancy.archive.impl.elm.ElmArchiveStore" init-method="init">
		<property name="metadataStore" ref="metadataStore"/>
		<property name="entityStore" ref="entityStore"/>
	</bean>
	
	<bean id="solr" class="org.dataconservancy.dcs.lineage.http.support.HttpSolrBootstrap"  
        factory-method="createSolr">  
        <constructor-arg value="${solr.dir}"/>  
    </bean>  

  	<bean id="pathKeyAlgorithm" class="org.dataconservancy.dcs.util.KeyDigestPathAlgorithm">
  		<beans:constructor-arg value="MD5"/>
  		<beans:constructor-arg value="1"/>
  		<beans:constructor-arg value="2"/>
  		<beans:constructor-arg value=".md"/>
  	</bean>
  	
  	<bean id="metadataStore" class="org.dataconservancy.archive.impl.elm.fs.FsMetadataStore">
  		<beans:property name="baseDir" value="${metadata.store.dir}"/>
  		<beans:property name="filePathKeyAlgorithm" ref="pathKeyAlgorithm"/>
  	</bean>
  	
  	<bean id="entityStore" class="org.dataconservancy.archive.impl.elm.fs.FsEntityStore">
  		<beans:property name="baseDir" value="${entity.store.dir}"/>
  		<beans:property name="filePathKeyAlgorithm" ref="pathKeyAlgorithm"/>
  	</bean>
  	
  	<bean id="lineageController" class="org.dataconservancy.dcs.lineage.http.LineageController">
  		<beans:constructor-arg ref="lineageService"/>
  		<beans:constructor-arg ref="idService"/>
  		<beans:constructor-arg ref="queryLookupService"/>
  	</bean>
  	
  	<bean id="lineageService" class="org.dataconservancy.dcs.lineage.impl.LineageServiceImpl">
  		<beans:constructor-arg ref="solr"/>
  		<beans:constructor-arg ref="idService"/>
  	</bean>
  	
  	<bean id="idService" class="org.dataconservancy.dcs.id.impl.MemoryIdServiceImpl"/>
  	
  	<bean id="queryLookupService" class="org.dataconservancy.dcs.query.dcpsolr.DcsDataModelQueryService">
  		<beans:constructor-arg ref="solr"/>
  	</bean>
</beans>