<?xml version="1.0" encoding="UTF-8"?>
<!--
  ~ Copyright 2012 Johns Hopkins University
  ~
  ~ Licensed under the Apache License, Version 2.0 (the "License");
  ~ you may not use this file except in compliance with the License.
  ~ You may obtain a copy of the License at
  ~
  ~     http://www.apache.org/licenses/LICENSE-2.0
  ~
  ~ Unless required by applicable law or agreed to in writing, software
  ~ distributed under the License is distributed on an "AS IS" BASIS,
  ~ WITHOUT WARRANTIES OR CONDITIONS OF ANY KIND, either express or implied.
  ~ See the License for the specific language governing permissions and
  ~ limitations under the License.
  -->
<beans xmlns="http://www.springframework.org/schema/beans"
  xmlns:context="http://www.springframework.org/schema/context"
  xmlns:xsi="http://www.w3.org/2001/XMLSchema-instance"
  xsi:schemaLocation="http://www.springframework.org/schema/beans
           http://www.springframework.org/schema/beans/spring-beans-2.5.xsd http://www.springframework.org/schema/context http://www.springframework.org/schema/context/spring-context-2.5.xsd http://www.springframework.org/schema/tx http://www.springframework.org/schema/tx/spring-tx-2.5.xsd">

  <context:annotation-config />
  <bean id="ingestFramework" class="org.dataconservancy.dcs.ingest.IngestFramework">
    <property name="eventManager" ref="ingestEventManager" />
    <property name="sipStager"
      ref="org.dataconservancy.dcs.ingest.impl.MemoryStager" />
    <property name="fileContentStager" ref="ingestFileContentStager" />
  </bean>

  <bean id="ingestFileContentStager"
    class="org.dataconservancy.dcs.ingest.file.impl.FileSystemContentStager">

    <property name="sipStager" ref="org.dataconservancy.dcs.ingest.impl.MemoryStager" />
    <property name="baseDir" value="${dcs.home}/files" />
    <property name="pathAlgorithm">
      <bean
        class="org.dataconservancy.dcs.util.FileContentDigestPathAlgorithm">
        <constructor-arg value="SHA-1" />
        <constructor-arg value="1" />
        <constructor-arg value="2" />

        <!--
          We set this (calculate hash) to false, since we know we'll
          have a correct SHA-1 value present due to our configuration of
          the 'fileUploadManager' bean
        -->
        <constructor-arg value="false" />
      </bean>
    </property>
  </bean>

  <bean id="org.dataconservancy.dcs.ingest.impl.MemoryStager"
    class="org.dataconservancy.dcs.ingest.impl.MemoryStager" lazy-init="true">
    <property name="deleteUponRetire" value="false" />
  </bean>

  <bean id="ingestEventManager" class="org.dataconservancy.dcs.ingest.impl.InlineEventManager"
    scope="singleton">
    <property name="idService"
      ref="org.dataconservancy.dcs.id.impl.MemoryIdServiceImpl" />
    <property name="sipStager"
      ref="org.dataconservancy.dcs.ingest.impl.MemoryStager" />
  </bean>

  <bean id="org.dataconservancy.dcs.id.impl.MemoryIdServiceImpl"
    class="org.dataconservancy.dcs.id.impl.MemoryIdServiceImpl" scope="singleton"
    lazy-init="true">
  </bean>
  
  <bean id="virusChecker" class="org.dataconservancy.dcs.virusscanning.impl.ClamAVVirusScannerFactory"></bean>
  
  <bean id="virusCheckerService" class="org.dataconservancy.dcs.ingest.services.VirusChecker">
  	<property name="scannerFactories" ref="virusChecker" />
  	<property name="ingestFramework" ref="ingestFramework"/>
  </bean>
</beans>