<?xml version="1.0" encoding="UTF-8"?>
<!--
  ~ Copyright 2013 Johns Hopkins University
  ~
  ~ Licensed under the Apache License, Version 2.0 (the "License");
  ~ you may not use this file except in compliance with the License.
  ~ You may obtain a copy of the License at
  ~
  ~     http://www.apache.org/licenses/LICENSE-2.0
  ~
  ~ Unless required by applicable law or agreed to in writing, software
  ~ distributed under the License is distributed on an "AS IS" BASIS,
  ~ WITHOUT WARRANTIES OR CONDITIONS OF ANY KIND, either express or implied.
  ~ See the License for the specific language governing permissions and
  ~ limitations under the License.
  -->
<beans xmlns="http://www.springframework.org/schema/beans"
       xmlns:xsi="http://www.w3.org/2001/XMLSchema-instance"
       xsi:schemaLocation="http://www.springframework.org/schema/beans http://www.springframework.org/schema/beans/spring-beans-3.0.xsd">

  <bean id="mockCollectionBusinessObjectSearcher"
      class="org.dataconservancy.ui.services.MockBusinessObjectSearcherImpl">
      <constructor-arg ref="mockArchiveUtil"/>
    </bean>

    <bean id="mockDataItemBusinessObjectSearcher"
      class="org.dataconservancy.ui.services.MockDataItemBusinessObjectSearcherImpl">
      <constructor-arg ref="mockArchiveUtil"/>
    </bean>

	<bean id="mockMetadataFileBusinessObjectSearcher"
	  class="org.dataconservancy.ui.services.MockMetadataFileBusinessObjectSearcherImpl">
      <constructor-arg ref="mockArchiveUtil"/>
    </bean>
    
    <bean id="mockParentSearcher"
	  class="org.dataconservancy.ui.services.MockParentSearcherImpl">
      <constructor-arg ref="mockArchiveUtil"/>
    </bean>

    <bean id="mockDataFileBusinessObjectSearcher"
          class="org.dataconservancy.ui.services.MockDataFileBusinessObjectSearcherImpl">
      <constructor-arg ref="mockArchiveUtil"/>
    </bean>
</beans>